<?xml version="1.0" encoding="utf-8"?><testsuites name="pytest tests"><testsuite name="pytest" errors="0" failures="0" skipped="0" tests="20" time="28.986" timestamp="2026-07-20T16:59:26.653472+00:00" hostname="agent-env-457ba787-f242-42e4-83ae-5e72acf6502f"><testcase classname="backend.tests.test_iteration9_subscription_reminders.TestHealth" name="test_root" time="0.223" /><testcase classname="backend.tests.test_iteration9_subscription_reminders.TestHealth" name="test_auth_me" time="0.106" /><testcase classname="backend.tests.test_iteration9_subscription_reminders.TestSubscription" name="test_a_reset_free_via_sync" time="0.175" /><testcase classname="backend.tests.test_iteration9_subscription_reminders.TestSubscription" name="test_b_get_me_returns_free" time="0.146" /><testcase classname="backend.tests.test_iteration9_subscription_reminders.TestSubscription" name="test_c_sync_flip_to_pro" time="0.255" /><testcase classname="backend.tests.test_iteration9_subscription_reminders.TestSubscription" name="test_d_webhook_expiration_flips_back_to_free" time="0.282" /><testcase classname="backend.tests.test_iteration9_subscription_reminders.TestSubscription" name="test_e_webhook_initial_purchase_flips_pro" time="0.192" /><testcase classname="backend.tests.test_iteration9_subscription_reminders.TestSubscription" name="test_f_cleanup_reset_free" time="0.104" /><testcase classname="backend.tests.test_iteration9_subscription_reminders.TestRegisterPush" name="test_register_push_returns_500_placeholder" time="0.211" /><testcase classname="backend.tests.test_iteration9_subscription_reminders.TestReminderEntry" name="test_a_create_reminder_entry" time="0.101" /><testcase classname="backend.tests.test_iteration9_subscription_reminders.TestReminderEntry" name="test_b_reminder_appears_in_list" time="0.140" /><testcase classname="backend.tests.test_iteration9_subscription_reminders.TestReminderEntry" name="test_c_scheduler_marks_notified" time="25.773" /><testcase classname="backend.tests.test_iteration9_subscription_reminders.TestDeleteAccount" name="test_a_auth_me_works" time="0.186" /><testcase classname="backend.tests.test_iteration9_subscription_reminders.TestDeleteAccount" name="test_b_delete_account_removes_all" time="0.126" /><testcase classname="backend.tests.test_iteration9_subscription_reminders.TestDeleteAccount" name="test_c_token_now_invalid" time="0.096" /><testcase classname="backend.tests.test_iteration9_subscription_reminders.TestDeleteAccount" name="test_d_user_and_entries_gone_in_mongo" time="0.006" /><testcase classname="backend.tests.test_iteration9_subscription_reminders.TestMacrosAndReports" name="test_a_create_food_entry" time="0.100" /><testcase classname="backend.tests.test_iteration9_subscription_reminders.TestMacrosAndReports" name="test_b_patch_macros_computes_kcal" time="0.221" /><testcase classname="backend.tests.test_iteration9_subscription_reminders.TestMacrosAndReports" name="test_c_summary_daily_200" time="0.103" /><testcase classname="backend.tests.test_iteration9_subscription_reminders.TestMacrosAndReports" name="test_d_report_daily_200" time="0.237" /></testsuite></testsuites>