<?xml version="1.0" encoding="utf-8"?><testsuites name="pytest tests"><testsuite name="pytest" errors="0" failures="0" skipped="0" tests="5" time="1.392" timestamp="2026-09-12T13:27:16.929490+00:00" hostname="agent-env-457ba787-f242-42e4-83ae-5e72acf6502f"><testcase classname="backend.tests.test_iter12_health_and_subscription.TestRootHealth" name="test_local_health_200" time="0.011" /><testcase classname="backend.tests.test_iter12_health_and_subscription.TestRootHealth" name="test_external_health_not_routed" time="0.147" /><testcase classname="backend.tests.test_iter12_health_and_subscription.TestAuthSubscription" name="test_auth_me_200" time="0.170" /><testcase classname="backend.tests.test_iter12_health_and_subscription.TestAuthSubscription" name="test_subscription_me_200" time="0.126" /><testcase classname="backend.tests.test_iter12_health_and_subscription.TestAuthSubscription" name="test_subscription_sync_free_then_pro_then_free" time="0.793" /></testsuite></testsuites>