<?xml version="1.0" encoding="utf-8"?><testsuites name="pytest tests"><testsuite name="pytest" errors="0" failures="0" skipped="0" tests="9" time="15.849" timestamp="2026-07-01T18:45:57.711329+00:00" hostname="agent-env-457ba787-f242-42e4-83ae-5e72acf6502f"><testcase classname="backend.tests.test_health_filter_and_bmh.TestHealthQuestionFilter" name="test_health_question_no_persistence[ins\xfclin direncim var ne yapmal\u0131y\u0131m?]" time="3.638" /><testcase classname="backend.tests.test_health_filter_and_bmh.TestHealthQuestionFilter" name="test_health_question_no_persistence[kalp hastas\u0131y\u0131m hangi diyet uygun]" time="3.054" /><testcase classname="backend.tests.test_health_filter_and_bmh.TestHealthQuestionFilter" name="test_health_question_no_persistence[hangi vitamini almal\u0131y\u0131m]" time="2.928" /><testcase classname="backend.tests.test_health_filter_and_bmh.TestFoodDrinkPersists" name="test_water_add_persists" time="5.080" /><testcase classname="backend.tests.test_health_filter_and_bmh.TestSugarWarning" name="test_report_daily_sugar_wording" time="0.174" /><testcase classname="backend.tests.test_health_filter_and_bmh.TestBMHRegression" name="test_male_bmr_and_maintenance" time="0.173" /><testcase classname="backend.tests.test_health_filter_and_bmh.TestBMHRegression" name="test_female_bmr" time="0.150" /><testcase classname="backend.tests.test_health_filter_and_bmh.TestPatchRegression" name="test_patch_time_valid" time="0.261" /><testcase classname="backend.tests.test_health_filter_and_bmh.TestPatchRegression" name="test_patch_amount_water_ml" time="0.213" /></testsuite></testsuites>